2024-06-27 22:51:15,365:WARNING:
'cuml' is a soft dependency and not included in the pycaret installation. Please run: `pip install cuml` to install.
2024-06-27 22:51:15,365:WARNING:
'cuml' is a soft dependency and not included in the pycaret installation. Please run: `pip install cuml` to install.
2024-06-27 22:51:15,365:WARNING:
'cuml' is a soft dependency and not included in the pycaret installation. Please run: `pip install cuml` to install.
2024-06-27 22:51:15,366:WARNING:
'cuml' is a soft dependency and not included in the pycaret installation. Please run: `pip install cuml` to install.
2024-06-27 22:52:17,630:WARNING:
'cuml' is a soft dependency and not included in the pycaret installation. Please run: `pip install cuml` to install.
2024-06-27 22:52:17,631:WARNING:
'cuml' is a soft dependency and not included in the pycaret installation. Please run: `pip install cuml` to install.
2024-06-27 22:52:17,631:WARNING:
'cuml' is a soft dependency and not included in the pycaret installation. Please run: `pip install cuml` to install.
2024-06-27 22:52:17,631:WARNING:
'cuml' is a soft dependency and not included in the pycaret installation. Please run: `pip install cuml` to install.
2024-06-28 00:07:55,316:WARNING:C:\Users\cesar_0qb0xal\Documents\GitHub\cars_ml_project\venv\Lib\site-packages\sklearn\impute\_iterative.py:801: ConvergenceWarning: [IterativeImputer] Early stopping criterion not reached.
  warnings.warn(

2024-06-28 00:14:29,401:WARNING:C:\Users\cesar_0qb0xal\Documents\GitHub\cars_ml_project\train\train_neural_network_pytorch.py:54: UserWarning: To copy construct from a tensor, it is recommended to use sourceTensor.clone().detach() or sourceTensor.clone().detach().requires_grad_(True), rather than torch.tensor(sourceTensor).
  train_dataset = TensorDataset(torch.tensor(X_train).float(), torch.tensor(y_train).float())

2024-06-28 02:05:38,819:WARNING:
'cuml' is a soft dependency and not included in the pycaret installation. Please run: `pip install cuml` to install.
2024-06-28 02:05:38,820:WARNING:
'cuml' is a soft dependency and not included in the pycaret installation. Please run: `pip install cuml` to install.
2024-06-28 02:05:38,820:WARNING:
'cuml' is a soft dependency and not included in the pycaret installation. Please run: `pip install cuml` to install.
2024-06-28 02:05:38,820:WARNING:
'cuml' is a soft dependency and not included in the pycaret installation. Please run: `pip install cuml` to install.
2024-06-28 02:06:33,271:INFO:PyCaret RegressionExperiment
2024-06-28 02:06:33,271:INFO:Logging name: reg-default-name
2024-06-28 02:06:33,271:INFO:ML Usecase: MLUsecase.REGRESSION
2024-06-28 02:06:33,271:INFO:version 3.3.2
2024-06-28 02:06:33,271:INFO:Initializing setup()
2024-06-28 02:06:33,271:INFO:self.USI: e60d
2024-06-28 02:06:33,271:INFO:self._variable_keys: {'y', 'idx', 'target_param', 'logging_param', 'transform_target_param', 'y_test', 'X_train', 'gpu_param', 'data', 'exp_name_log', 'n_jobs_param', 'fold_groups_param', 'log_plots_param', 'gpu_n_jobs_param', '_available_plots', 'fold_shuffle_param', 'seed', 'USI', 'y_train', 'exp_id', 'pipeline', 'memory', 'X_test', 'fold_generator', 'X', '_ml_usecase', 'html_param'}
2024-06-28 02:06:33,271:INFO:Checking environment
2024-06-28 02:06:33,272:INFO:python_version: 3.11.8
2024-06-28 02:06:33,272:INFO:python_build: ('tags/v3.11.8:db85d51', 'Feb  6 2024 22:03:32')
2024-06-28 02:06:33,272:INFO:machine: AMD64
2024-06-28 02:06:33,272:INFO:platform: Windows-10-10.0.22631-SP0
2024-06-28 02:06:33,279:INFO:Memory: svmem(total=25148166144, available=15904882688, percent=36.8, used=9243283456, free=15904882688)
2024-06-28 02:06:33,279:INFO:Physical Core: 8
2024-06-28 02:06:33,279:INFO:Logical Core: 16
2024-06-28 02:06:33,279:INFO:Checking libraries
2024-06-28 02:06:33,279:INFO:System:
2024-06-28 02:06:33,280:INFO:    python: 3.11.8 (tags/v3.11.8:db85d51, Feb  6 2024, 22:03:32) [MSC v.1937 64 bit (AMD64)]
2024-06-28 02:06:33,280:INFO:executable: C:\Users\cesar_0qb0xal\Documents\GitHub\cars_ml_project\venv\Scripts\python.exe
2024-06-28 02:06:33,280:INFO:   machine: Windows-10-10.0.22631-SP0
2024-06-28 02:06:33,280:INFO:PyCaret required dependencies:
2024-06-28 02:06:33,417:INFO:                 pip: 24.1.1
2024-06-28 02:06:33,417:INFO:          setuptools: 65.5.1
2024-06-28 02:06:33,417:INFO:             pycaret: 3.3.2
2024-06-28 02:06:33,417:INFO:             IPython: 8.23.0
2024-06-28 02:06:33,417:INFO:          ipywidgets: 8.1.3
2024-06-28 02:06:33,417:INFO:                tqdm: 4.66.4
2024-06-28 02:06:33,417:INFO:               numpy: 1.26.4
2024-06-28 02:06:33,417:INFO:              pandas: 2.1.4
2024-06-28 02:06:33,417:INFO:              jinja2: 3.1.4
2024-06-28 02:06:33,417:INFO:               scipy: 1.11.4
2024-06-28 02:06:33,417:INFO:              joblib: 1.3.2
2024-06-28 02:06:33,418:INFO:             sklearn: 1.4.2
2024-06-28 02:06:33,418:INFO:                pyod: 1.1.3
2024-06-28 02:06:33,418:INFO:            imblearn: 0.12.3
2024-06-28 02:06:33,418:INFO:   category_encoders: 2.6.3
2024-06-28 02:06:33,418:INFO:            lightgbm: 4.4.0
2024-06-28 02:06:33,418:INFO:               numba: 0.59.1
2024-06-28 02:06:33,418:INFO:            requests: 2.31.0
2024-06-28 02:06:33,418:INFO:          matplotlib: 3.7.5
2024-06-28 02:06:33,418:INFO:          scikitplot: 0.3.7
2024-06-28 02:06:33,418:INFO:         yellowbrick: 1.5
2024-06-28 02:06:33,418:INFO:              plotly: 5.22.0
2024-06-28 02:06:33,418:INFO:    plotly-resampler: Not installed
2024-06-28 02:06:33,418:INFO:             kaleido: 0.2.1
2024-06-28 02:06:33,418:INFO:           schemdraw: 0.15
2024-06-28 02:06:33,418:INFO:         statsmodels: 0.14.2
2024-06-28 02:06:33,418:INFO:              sktime: 0.26.0
2024-06-28 02:06:33,418:INFO:               tbats: 1.1.3
2024-06-28 02:06:33,418:INFO:            pmdarima: 2.0.4
2024-06-28 02:06:33,418:INFO:              psutil: 5.9.8
2024-06-28 02:06:33,418:INFO:          markupsafe: 2.1.5
2024-06-28 02:06:33,418:INFO:             pickle5: Not installed
2024-06-28 02:06:33,418:INFO:         cloudpickle: 3.0.0
2024-06-28 02:06:33,418:INFO:         deprecation: 2.1.0
2024-06-28 02:06:33,418:INFO:              xxhash: 3.4.1
2024-06-28 02:06:33,418:INFO:           wurlitzer: Not installed
2024-06-28 02:06:33,418:INFO:PyCaret optional dependencies:
2024-06-28 02:06:34,235:INFO:                shap: Not installed
2024-06-28 02:06:34,236:INFO:           interpret: Not installed
2024-06-28 02:06:34,236:INFO:                umap: Not installed
2024-06-28 02:06:34,236:INFO:     ydata_profiling: Not installed
2024-06-28 02:06:34,236:INFO:  explainerdashboard: Not installed
2024-06-28 02:06:34,236:INFO:             autoviz: Not installed
2024-06-28 02:06:34,236:INFO:           fairlearn: Not installed
2024-06-28 02:06:34,236:INFO:          deepchecks: Not installed
2024-06-28 02:06:34,236:INFO:             xgboost: Not installed
2024-06-28 02:06:34,236:INFO:            catboost: 1.2.5
2024-06-28 02:06:34,236:INFO:              kmodes: Not installed
2024-06-28 02:06:34,236:INFO:             mlxtend: Not installed
2024-06-28 02:06:34,236:INFO:       statsforecast: Not installed
2024-06-28 02:06:34,236:INFO:        tune_sklearn: Not installed
2024-06-28 02:06:34,236:INFO:                 ray: Not installed
2024-06-28 02:06:34,236:INFO:            hyperopt: Not installed
2024-06-28 02:06:34,236:INFO:              optuna: Not installed
2024-06-28 02:06:34,236:INFO:               skopt: 0.10.2
2024-06-28 02:06:34,236:INFO:              mlflow: 2.13.2
2024-06-28 02:06:34,236:INFO:              gradio: Not installed
2024-06-28 02:06:34,236:INFO:             fastapi: 0.111.0
2024-06-28 02:06:34,236:INFO:             uvicorn: 0.30.1
2024-06-28 02:06:34,236:INFO:              m2cgen: Not installed
2024-06-28 02:06:34,236:INFO:           evidently: Not installed
2024-06-28 02:06:34,236:INFO:               fugue: Not installed
2024-06-28 02:06:34,236:INFO:           streamlit: Not installed
2024-06-28 02:06:34,236:INFO:             prophet: Not installed
2024-06-28 02:06:34,236:INFO:None
2024-06-28 02:06:34,237:INFO:Set up data.
2024-06-28 02:06:34,354:INFO:Set up folding strategy.
2024-06-28 02:06:34,354:INFO:Set up train/test split.
2024-06-28 02:06:34,451:INFO:Set up index.
2024-06-28 02:06:34,458:INFO:Assigning column types.
2024-06-28 02:06:34,501:INFO:Engine successfully changes for model 'lr' to 'sklearn'.
2024-06-28 02:06:34,501:INFO:Engine for model 'lasso' has not been set explicitly, hence returning None.
2024-06-28 02:06:34,506:INFO:Engine for model 'ridge' has not been set explicitly, hence returning None.
2024-06-28 02:06:34,511:INFO:Engine for model 'en' has not been set explicitly, hence returning None.
2024-06-28 02:06:34,606:INFO:Engine for model 'svm' has not been set explicitly, hence returning None.
2024-06-28 02:06:34,650:INFO:Engine for model 'knn' has not been set explicitly, hence returning None.
2024-06-28 02:06:34,651:WARNING:
'xgboost' is a soft dependency and not included in the pycaret installation. Please run: `pip install xgboost` to install.
Alternately, you can install this by running `pip install pycaret[models]`
2024-06-28 02:06:34,651:INFO:Soft dependency imported: catboost: 1.2.5
2024-06-28 02:06:34,652:INFO:Engine for model 'lasso' has not been set explicitly, hence returning None.
2024-06-28 02:06:34,656:INFO:Engine for model 'ridge' has not been set explicitly, hence returning None.
2024-06-28 02:06:34,661:INFO:Engine for model 'en' has not been set explicitly, hence returning None.
2024-06-28 02:06:34,750:INFO:Engine for model 'svm' has not been set explicitly, hence returning None.
2024-06-28 02:06:34,794:INFO:Engine for model 'knn' has not been set explicitly, hence returning None.
2024-06-28 02:06:34,795:WARNING:
'xgboost' is a soft dependency and not included in the pycaret installation. Please run: `pip install xgboost` to install.
Alternately, you can install this by running `pip install pycaret[models]`
2024-06-28 02:06:34,795:INFO:Soft dependency imported: catboost: 1.2.5
2024-06-28 02:06:34,796:INFO:Engine successfully changes for model 'lasso' to 'sklearn'.
2024-06-28 02:06:34,800:INFO:Engine for model 'ridge' has not been set explicitly, hence returning None.
2024-06-28 02:06:34,805:INFO:Engine for model 'en' has not been set explicitly, hence returning None.
2024-06-28 02:06:34,895:INFO:Engine for model 'svm' has not been set explicitly, hence returning None.
2024-06-28 02:06:34,938:INFO:Engine for model 'knn' has not been set explicitly, hence returning None.
2024-06-28 02:06:34,939:WARNING:
'xgboost' is a soft dependency and not included in the pycaret installation. Please run: `pip install xgboost` to install.
Alternately, you can install this by running `pip install pycaret[models]`
2024-06-28 02:06:34,939:INFO:Soft dependency imported: catboost: 1.2.5
2024-06-28 02:06:34,944:INFO:Engine for model 'ridge' has not been set explicitly, hence returning None.
2024-06-28 02:06:34,949:INFO:Engine for model 'en' has not been set explicitly, hence returning None.
2024-06-28 02:06:35,038:INFO:Engine for model 'svm' has not been set explicitly, hence returning None.
2024-06-28 02:06:35,081:INFO:Engine for model 'knn' has not been set explicitly, hence returning None.
2024-06-28 02:06:35,081:WARNING:
'xgboost' is a soft dependency and not included in the pycaret installation. Please run: `pip install xgboost` to install.
Alternately, you can install this by running `pip install pycaret[models]`
2024-06-28 02:06:35,082:INFO:Soft dependency imported: catboost: 1.2.5
2024-06-28 02:06:35,082:INFO:Engine successfully changes for model 'ridge' to 'sklearn'.
2024-06-28 02:06:35,091:INFO:Engine for model 'en' has not been set explicitly, hence returning None.
2024-06-28 02:06:35,178:INFO:Engine for model 'svm' has not been set explicitly, hence returning None.
2024-06-28 02:06:35,221:INFO:Engine for model 'knn' has not been set explicitly, hence returning None.
2024-06-28 02:06:35,222:WARNING:
'xgboost' is a soft dependency and not included in the pycaret installation. Please run: `pip install xgboost` to install.
Alternately, you can install this by running `pip install pycaret[models]`
2024-06-28 02:06:35,222:INFO:Soft dependency imported: catboost: 1.2.5
2024-06-28 02:06:35,231:INFO:Engine for model 'en' has not been set explicitly, hence returning None.
2024-06-28 02:06:35,319:INFO:Engine for model 'svm' has not been set explicitly, hence returning None.
2024-06-28 02:06:35,363:INFO:Engine for model 'knn' has not been set explicitly, hence returning None.
2024-06-28 02:06:35,364:WARNING:
'xgboost' is a soft dependency and not included in the pycaret installation. Please run: `pip install xgboost` to install.
Alternately, you can install this by running `pip install pycaret[models]`
2024-06-28 02:06:35,364:INFO:Soft dependency imported: catboost: 1.2.5
2024-06-28 02:06:35,365:INFO:Engine successfully changes for model 'en' to 'sklearn'.
2024-06-28 02:06:35,463:INFO:Engine for model 'svm' has not been set explicitly, hence returning None.
2024-06-28 02:06:35,506:INFO:Engine for model 'knn' has not been set explicitly, hence returning None.
2024-06-28 02:06:35,506:WARNING:
'xgboost' is a soft dependency and not included in the pycaret installation. Please run: `pip install xgboost` to install.
Alternately, you can install this by running `pip install pycaret[models]`
2024-06-28 02:06:35,506:INFO:Soft dependency imported: catboost: 1.2.5
2024-06-28 02:06:35,605:INFO:Engine for model 'svm' has not been set explicitly, hence returning None.
2024-06-28 02:06:35,649:INFO:Engine for model 'knn' has not been set explicitly, hence returning None.
2024-06-28 02:06:35,650:WARNING:
'xgboost' is a soft dependency and not included in the pycaret installation. Please run: `pip install xgboost` to install.
Alternately, you can install this by running `pip install pycaret[models]`
2024-06-28 02:06:35,650:INFO:Soft dependency imported: catboost: 1.2.5
2024-06-28 02:06:35,651:INFO:Engine successfully changes for model 'knn' to 'sklearn'.
2024-06-28 02:06:35,751:INFO:Engine for model 'svm' has not been set explicitly, hence returning None.
2024-06-28 02:06:35,797:WARNING:
'xgboost' is a soft dependency and not included in the pycaret installation. Please run: `pip install xgboost` to install.
Alternately, you can install this by running `pip install pycaret[models]`
2024-06-28 02:06:35,798:INFO:Soft dependency imported: catboost: 1.2.5
2024-06-28 02:06:35,899:INFO:Engine for model 'svm' has not been set explicitly, hence returning None.
2024-06-28 02:06:35,943:WARNING:
'xgboost' is a soft dependency and not included in the pycaret installation. Please run: `pip install xgboost` to install.
Alternately, you can install this by running `pip install pycaret[models]`
2024-06-28 02:06:35,943:INFO:Soft dependency imported: catboost: 1.2.5
2024-06-28 02:06:35,944:INFO:Engine successfully changes for model 'svm' to 'sklearn'.
2024-06-28 02:06:36,092:WARNING:
'xgboost' is a soft dependency and not included in the pycaret installation. Please run: `pip install xgboost` to install.
Alternately, you can install this by running `pip install pycaret[models]`
2024-06-28 02:06:36,092:INFO:Soft dependency imported: catboost: 1.2.5
2024-06-28 02:06:36,237:WARNING:
'xgboost' is a soft dependency and not included in the pycaret installation. Please run: `pip install xgboost` to install.
Alternately, you can install this by running `pip install pycaret[models]`
2024-06-28 02:06:36,238:INFO:Soft dependency imported: catboost: 1.2.5
2024-06-28 02:06:36,243:INFO:Preparing preprocessing pipeline...
2024-06-28 02:06:36,243:INFO:Set up simple imputation.
2024-06-28 02:06:36,249:INFO:Set up column name cleaning.
2024-06-28 02:06:36,362:INFO:Finished creating preprocessing pipeline.
2024-06-28 02:06:36,369:INFO:Pipeline: Pipeline(memory=FastMemory(location=C:\Users\CESAR_~1\AppData\Local\Temp\joblib),
         steps=[('numerical_imputer',
                 TransformerWrapper(include=['msrp', 'year', 'mileage',
                                             'stock_type', 'model_hashed_0',
                                             'model_hashed_1', 'model_hashed_2',
                                             'model_hashed_3', 'model_hashed_4',
                                             'model_hashed_5', 'model_hashed_6',
                                             'model_hashed_7', 'model_hashed_8',
                                             'model_hashed_9',
                                             'model...
                                             'model_hashed_18',
                                             'model_hashed_19',
                                             'model_hashed_20',
                                             'model_hashed_21',
                                             'model_hashed_22',
                                             'model_hashed_23',
                                             'model_hashed_24',
                                             'model_hashed_25', ...],
                                    transformer=SimpleImputer())),
                ('categorical_imputer',
                 TransformerWrapper(include=[],
                                    transformer=SimpleImputer(strategy='most_frequent'))),
                ('clean_column_names',
                 TransformerWrapper(transformer=CleanColumnNames()))])
2024-06-28 02:06:36,370:INFO:Creating final display dataframe.
2024-06-28 02:06:36,713:INFO:Setup _display_container:                     Description             Value
0                    Session id              3587
1                        Target             price
2                   Target type        Regression
3           Original data shape      (52391, 109)
4        Transformed data shape      (52391, 109)
5   Transformed train set shape      (36673, 109)
6    Transformed test set shape      (15718, 109)
7              Numeric features               108
8                    Preprocess              True
9               Imputation type            simple
10           Numeric imputation              mean
11       Categorical imputation              mode
12               Fold Generator             KFold
13                  Fold Number                10
14                     CPU Jobs                -1
15                      Use GPU             False
16               Log Experiment             False
17              Experiment Name  reg-default-name
18                          USI              e60d
2024-06-28 02:06:36,862:WARNING:
'xgboost' is a soft dependency and not included in the pycaret installation. Please run: `pip install xgboost` to install.
Alternately, you can install this by running `pip install pycaret[models]`
2024-06-28 02:06:36,862:INFO:Soft dependency imported: catboost: 1.2.5
2024-06-28 02:06:37,018:WARNING:
'xgboost' is a soft dependency and not included in the pycaret installation. Please run: `pip install xgboost` to install.
Alternately, you can install this by running `pip install pycaret[models]`
2024-06-28 02:06:37,018:INFO:Soft dependency imported: catboost: 1.2.5
2024-06-28 02:06:37,019:INFO:setup() successfully completed in 3.76s...............
2024-06-28 02:06:37,019:INFO:Initializing compare_models()
2024-06-28 02:06:37,019:INFO:compare_models(self=<pycaret.regression.oop.RegressionExperiment object at 0x000001F696986650>, include=None, exclude=None, fold=None, round=4, cross_validation=True, sort=R2, n_select=1, budget_time=None, turbo=True, errors=ignore, fit_kwargs=None, groups=None, experiment_custom_tags=None, probability_threshold=None, verbose=True, parallel=None, caller_params={'self': <pycaret.regression.oop.RegressionExperiment object at 0x000001F696986650>, 'include': None, 'exclude': None, 'fold': None, 'round': 4, 'cross_validation': True, 'sort': 'R2', 'n_select': 1, 'budget_time': None, 'turbo': True, 'errors': 'ignore', 'fit_kwargs': None, 'groups': None, 'experiment_custom_tags': None, 'engine': None, 'verbose': True, 'parallel': None, '__class__': <class 'pycaret.regression.oop.RegressionExperiment'>})
2024-06-28 02:06:37,019:INFO:Checking exceptions
2024-06-28 02:06:37,039:INFO:Preparing display monitor
2024-06-28 02:06:37,045:INFO:Initializing Linear Regression
2024-06-28 02:06:37,045:INFO:Total runtime is 0.0 minutes
2024-06-28 02:06:37,045:INFO:SubProcess create_model() called ==================================
2024-06-28 02:06:37,045:INFO:Initializing create_model()
2024-06-28 02:06:37,045:INFO:create_model(self=<pycaret.regression.oop.RegressionExperiment object at 0x000001F696986650>, estimator=lr, fold=KFold(n_splits=10, random_state=None, shuffle=False), round=4, cross_validation=True, predict=True, fit_kwargs={}, groups=None, refit=False, probability_threshold=None, experiment_custom_tags=None, verbose=False, system=False, add_to_model_list=True, metrics=None, display=<pycaret.internal.display.display.CommonDisplay object at 0x000001F6A210C050>, model_only=True, return_train_score=False, error_score=0.0, kwargs={})
2024-06-28 02:06:37,045:INFO:Checking exceptions
2024-06-28 02:06:37,046:INFO:Importing libraries
2024-06-28 02:06:37,046:INFO:Copying training dataset
2024-06-28 02:06:37,094:INFO:Defining folds
2024-06-28 02:06:37,094:INFO:Declaring metric variables
2024-06-28 02:06:37,094:INFO:Importing untrained model
2024-06-28 02:06:37,094:INFO:Linear Regression Imported successfully
2024-06-28 02:06:37,094:INFO:Starting cross validation
2024-06-28 02:06:37,095:INFO:Cross validating with KFold(n_splits=10, random_state=None, shuffle=False), n_jobs=-1
2024-06-28 02:06:44,856:INFO:Calculating mean and std
2024-06-28 02:06:44,869:INFO:Creating metrics dataframe
2024-06-28 02:06:44,871:INFO:Uploading results into container
2024-06-28 02:06:44,871:INFO:Uploading model into container now
2024-06-28 02:06:44,871:INFO:_master_model_container: 1
2024-06-28 02:06:44,871:INFO:_display_container: 2
2024-06-28 02:06:44,871:INFO:LinearRegression(n_jobs=-1)
2024-06-28 02:06:44,872:INFO:create_model() successfully completed......................................
2024-06-28 02:06:45,035:INFO:SubProcess create_model() end ==================================
2024-06-28 02:06:45,035:INFO:Creating metrics dataframe
2024-06-28 02:06:45,038:INFO:Initializing Lasso Regression
2024-06-28 02:06:45,038:INFO:Total runtime is 0.13321259021759033 minutes
2024-06-28 02:06:45,039:INFO:SubProcess create_model() called ==================================
2024-06-28 02:06:45,039:INFO:Initializing create_model()
2024-06-28 02:06:45,039:INFO:create_model(self=<pycaret.regression.oop.RegressionExperiment object at 0x000001F696986650>, estimator=lasso, fold=KFold(n_splits=10, random_state=None, shuffle=False), round=4, cross_validation=True, predict=True, fit_kwargs={}, groups=None, refit=False, probability_threshold=None, experiment_custom_tags=None, verbose=False, system=False, add_to_model_list=True, metrics=None, display=<pycaret.internal.display.display.CommonDisplay object at 0x000001F6A210C050>, model_only=True, return_train_score=False, error_score=0.0, kwargs={})
2024-06-28 02:06:45,039:INFO:Checking exceptions
2024-06-28 02:06:45,039:INFO:Importing libraries
2024-06-28 02:06:45,039:INFO:Copying training dataset
2024-06-28 02:06:45,084:INFO:Defining folds
2024-06-28 02:06:45,084:INFO:Declaring metric variables
2024-06-28 02:06:45,084:INFO:Importing untrained model
2024-06-28 02:06:45,084:INFO:Lasso Regression Imported successfully
2024-06-28 02:06:45,084:INFO:Starting cross validation
2024-06-28 02:06:45,085:INFO:Cross validating with KFold(n_splits=10, random_state=None, shuffle=False), n_jobs=-1
2024-06-28 02:06:48,356:INFO:Calculating mean and std
2024-06-28 02:06:48,357:INFO:Creating metrics dataframe
2024-06-28 02:06:48,358:INFO:Uploading results into container
2024-06-28 02:06:48,358:INFO:Uploading model into container now
2024-06-28 02:06:48,358:INFO:_master_model_container: 2
2024-06-28 02:06:48,359:INFO:_display_container: 2
2024-06-28 02:06:48,359:INFO:Lasso(random_state=3587)
2024-06-28 02:06:48,359:INFO:create_model() successfully completed......................................
2024-06-28 02:06:48,518:INFO:SubProcess create_model() end ==================================
2024-06-28 02:06:48,518:INFO:Creating metrics dataframe
2024-06-28 02:06:48,520:INFO:Initializing Ridge Regression
2024-06-28 02:06:48,520:INFO:Total runtime is 0.19124692678451538 minutes
2024-06-28 02:06:48,520:INFO:SubProcess create_model() called ==================================
2024-06-28 02:06:48,520:INFO:Initializing create_model()
2024-06-28 02:06:48,520:INFO:create_model(self=<pycaret.regression.oop.RegressionExperiment object at 0x000001F696986650>, estimator=ridge, fold=KFold(n_splits=10, random_state=None, shuffle=False), round=4, cross_validation=True, predict=True, fit_kwargs={}, groups=None, refit=False, probability_threshold=None, experiment_custom_tags=None, verbose=False, system=False, add_to_model_list=True, metrics=None, display=<pycaret.internal.display.display.CommonDisplay object at 0x000001F6A210C050>, model_only=True, return_train_score=False, error_score=0.0, kwargs={})
2024-06-28 02:06:48,520:INFO:Checking exceptions
2024-06-28 02:06:48,520:INFO:Importing libraries
2024-06-28 02:06:48,521:INFO:Copying training dataset
2024-06-28 02:06:48,565:INFO:Defining folds
2024-06-28 02:06:48,566:INFO:Declaring metric variables
2024-06-28 02:06:48,566:INFO:Importing untrained model
2024-06-28 02:06:48,566:INFO:Ridge Regression Imported successfully
2024-06-28 02:06:48,566:INFO:Starting cross validation
2024-06-28 02:06:48,567:INFO:Cross validating with KFold(n_splits=10, random_state=None, shuffle=False), n_jobs=-1
2024-06-28 02:06:49,085:INFO:Calculating mean and std
2024-06-28 02:06:49,085:INFO:Creating metrics dataframe
2024-06-28 02:06:49,087:INFO:Uploading results into container
2024-06-28 02:06:49,087:INFO:Uploading model into container now
2024-06-28 02:06:49,087:INFO:_master_model_container: 3
2024-06-28 02:06:49,087:INFO:_display_container: 2
2024-06-28 02:06:49,087:INFO:Ridge(random_state=3587)
2024-06-28 02:06:49,087:INFO:create_model() successfully completed......................................
2024-06-28 02:06:49,244:INFO:SubProcess create_model() end ==================================
2024-06-28 02:06:49,244:INFO:Creating metrics dataframe
2024-06-28 02:06:49,247:INFO:Initializing Elastic Net
2024-06-28 02:06:49,247:INFO:Total runtime is 0.2033721407254537 minutes
2024-06-28 02:06:49,247:INFO:SubProcess create_model() called ==================================
2024-06-28 02:06:49,247:INFO:Initializing create_model()
2024-06-28 02:06:49,247:INFO:create_model(self=<pycaret.regression.oop.RegressionExperiment object at 0x000001F696986650>, estimator=en, fold=KFold(n_splits=10, random_state=None, shuffle=False), round=4, cross_validation=True, predict=True, fit_kwargs={}, groups=None, refit=False, probability_threshold=None, experiment_custom_tags=None, verbose=False, system=False, add_to_model_list=True, metrics=None, display=<pycaret.internal.display.display.CommonDisplay object at 0x000001F6A210C050>, model_only=True, return_train_score=False, error_score=0.0, kwargs={})
2024-06-28 02:06:49,247:INFO:Checking exceptions
2024-06-28 02:06:49,247:INFO:Importing libraries
2024-06-28 02:06:49,247:INFO:Copying training dataset
2024-06-28 02:06:49,292:INFO:Defining folds
2024-06-28 02:06:49,292:INFO:Declaring metric variables
2024-06-28 02:06:49,292:INFO:Importing untrained model
2024-06-28 02:06:49,292:INFO:Elastic Net Imported successfully
2024-06-28 02:06:49,292:INFO:Starting cross validation
2024-06-28 02:06:49,294:INFO:Cross validating with KFold(n_splits=10, random_state=None, shuffle=False), n_jobs=-1
2024-06-28 02:06:49,902:INFO:Calculating mean and std
2024-06-28 02:06:49,902:INFO:Creating metrics dataframe
2024-06-28 02:06:49,903:INFO:Uploading results into container
2024-06-28 02:06:49,904:INFO:Uploading model into container now
2024-06-28 02:06:49,904:INFO:_master_model_container: 4
2024-06-28 02:06:49,904:INFO:_display_container: 2
2024-06-28 02:06:49,904:INFO:ElasticNet(random_state=3587)
2024-06-28 02:06:49,904:INFO:create_model() successfully completed......................................
2024-06-28 02:06:50,084:INFO:SubProcess create_model() end ==================================
2024-06-28 02:06:50,085:INFO:Creating metrics dataframe
2024-06-28 02:06:50,087:INFO:Initializing Least Angle Regression
2024-06-28 02:06:50,088:INFO:Total runtime is 0.2173921545346578 minutes
2024-06-28 02:06:50,088:INFO:SubProcess create_model() called ==================================
2024-06-28 02:06:50,088:INFO:Initializing create_model()
2024-06-28 02:06:50,088:INFO:create_model(self=<pycaret.regression.oop.RegressionExperiment object at 0x000001F696986650>, estimator=lar, fold=KFold(n_splits=10, random_state=None, shuffle=False), round=4, cross_validation=True, predict=True, fit_kwargs={}, groups=None, refit=False, probability_threshold=None, experiment_custom_tags=None, verbose=False, system=False, add_to_model_list=True, metrics=None, display=<pycaret.internal.display.display.CommonDisplay object at 0x000001F6A210C050>, model_only=True, return_train_score=False, error_score=0.0, kwargs={})
2024-06-28 02:06:50,088:INFO:Checking exceptions
2024-06-28 02:06:50,088:INFO:Importing libraries
2024-06-28 02:06:50,088:INFO:Copying training dataset
2024-06-28 02:06:50,136:INFO:Defining folds
2024-06-28 02:06:50,136:INFO:Declaring metric variables
2024-06-28 02:06:50,136:INFO:Importing untrained model
2024-06-28 02:06:50,136:INFO:Least Angle Regression Imported successfully
2024-06-28 02:06:50,137:INFO:Starting cross validation
2024-06-28 02:06:50,137:INFO:Cross validating with KFold(n_splits=10, random_state=None, shuffle=False), n_jobs=-1
2024-06-28 02:06:50,510:WARNING:C:\Users\cesar_0qb0xal\Documents\GitHub\cars_ml_project\venv\Lib\site-packages\sklearn\linear_model\_least_angle.py:780: RuntimeWarning: overflow encountered in divide
  z = -coef[active] / (least_squares + tiny32)

2024-06-28 02:06:50,786:INFO:Calculating mean and std
2024-06-28 02:06:50,787:INFO:Creating metrics dataframe
2024-06-28 02:06:50,788:INFO:Uploading results into container
2024-06-28 02:06:50,788:INFO:Uploading model into container now
2024-06-28 02:06:50,789:INFO:_master_model_container: 5
2024-06-28 02:06:50,789:INFO:_display_container: 2
2024-06-28 02:06:50,789:INFO:Lars(random_state=3587)
2024-06-28 02:06:50,789:INFO:create_model() successfully completed......................................
2024-06-28 02:06:50,961:INFO:SubProcess create_model() end ==================================
2024-06-28 02:06:50,961:INFO:Creating metrics dataframe
2024-06-28 02:06:50,964:INFO:Initializing Lasso Least Angle Regression
2024-06-28 02:06:50,964:INFO:Total runtime is 0.23197838465372722 minutes
2024-06-28 02:06:50,964:INFO:SubProcess create_model() called ==================================
2024-06-28 02:06:50,965:INFO:Initializing create_model()
2024-06-28 02:06:50,965:INFO:create_model(self=<pycaret.regression.oop.RegressionExperiment object at 0x000001F696986650>, estimator=llar, fold=KFold(n_splits=10, random_state=None, shuffle=False), round=4, cross_validation=True, predict=True, fit_kwargs={}, groups=None, refit=False, probability_threshold=None, experiment_custom_tags=None, verbose=False, system=False, add_to_model_list=True, metrics=None, display=<pycaret.internal.display.display.CommonDisplay object at 0x000001F6A210C050>, model_only=True, return_train_score=False, error_score=0.0, kwargs={})
2024-06-28 02:06:50,965:INFO:Checking exceptions
2024-06-28 02:06:50,965:INFO:Importing libraries
2024-06-28 02:06:50,965:INFO:Copying training dataset
2024-06-28 02:06:51,020:INFO:Defining folds
2024-06-28 02:06:51,020:INFO:Declaring metric variables
2024-06-28 02:06:51,020:INFO:Importing untrained model
2024-06-28 02:06:51,021:INFO:Lasso Least Angle Regression Imported successfully
2024-06-28 02:06:51,021:INFO:Starting cross validation
2024-06-28 02:06:51,022:INFO:Cross validating with KFold(n_splits=10, random_state=None, shuffle=False), n_jobs=-1
2024-06-28 02:06:51,488:WARNING:C:\Users\cesar_0qb0xal\Documents\GitHub\cars_ml_project\venv\Lib\site-packages\sklearn\linear_model\_least_angle.py:718: ConvergenceWarning: Early stopping the lars path, as the residues are small and the current value of alpha is no longer well controlled. 74 iterations, alpha=2.129e+01, previous alpha=2.129e+01, with an active set of 73 regressors.
  warnings.warn(

2024-06-28 02:06:51,618:INFO:Calculating mean and std
2024-06-28 02:06:51,619:INFO:Creating metrics dataframe
2024-06-28 02:06:51,620:INFO:Uploading results into container
2024-06-28 02:06:51,621:INFO:Uploading model into container now
2024-06-28 02:06:51,621:INFO:_master_model_container: 6
2024-06-28 02:06:51,621:INFO:_display_container: 2
2024-06-28 02:06:51,621:INFO:LassoLars(random_state=3587)
2024-06-28 02:06:51,621:INFO:create_model() successfully completed......................................
2024-06-28 02:06:51,803:INFO:SubProcess create_model() end ==================================
2024-06-28 02:06:51,803:INFO:Creating metrics dataframe
2024-06-28 02:06:51,805:INFO:Initializing Orthogonal Matching Pursuit
2024-06-28 02:06:51,805:INFO:Total runtime is 0.24599470297495524 minutes
2024-06-28 02:06:51,805:INFO:SubProcess create_model() called ==================================
2024-06-28 02:06:51,806:INFO:Initializing create_model()
2024-06-28 02:06:51,806:INFO:create_model(self=<pycaret.regression.oop.RegressionExperiment object at 0x000001F696986650>, estimator=omp, fold=KFold(n_splits=10, random_state=None, shuffle=False), round=4, cross_validation=True, predict=True, fit_kwargs={}, groups=None, refit=False, probability_threshold=None, experiment_custom_tags=None, verbose=False, system=False, add_to_model_list=True, metrics=None, display=<pycaret.internal.display.display.CommonDisplay object at 0x000001F6A210C050>, model_only=True, return_train_score=False, error_score=0.0, kwargs={})
2024-06-28 02:06:51,806:INFO:Checking exceptions
2024-06-28 02:06:51,806:INFO:Importing libraries
2024-06-28 02:06:51,806:INFO:Copying training dataset
2024-06-28 02:06:51,862:INFO:Defining folds
2024-06-28 02:06:51,862:INFO:Declaring metric variables
2024-06-28 02:06:51,863:INFO:Importing untrained model
2024-06-28 02:06:51,863:INFO:Orthogonal Matching Pursuit Imported successfully
2024-06-28 02:06:51,863:INFO:Starting cross validation
2024-06-28 02:06:51,864:INFO:Cross validating with KFold(n_splits=10, random_state=None, shuffle=False), n_jobs=-1
2024-06-28 02:06:52,499:INFO:Calculating mean and std
2024-06-28 02:06:52,500:INFO:Creating metrics dataframe
2024-06-28 02:06:52,501:INFO:Uploading results into container
2024-06-28 02:06:52,501:INFO:Uploading model into container now
2024-06-28 02:06:52,502:INFO:_master_model_container: 7
2024-06-28 02:06:52,502:INFO:_display_container: 2
2024-06-28 02:06:52,502:INFO:OrthogonalMatchingPursuit()
2024-06-28 02:06:52,502:INFO:create_model() successfully completed......................................
2024-06-28 02:06:52,687:INFO:SubProcess create_model() end ==================================
2024-06-28 02:06:52,687:INFO:Creating metrics dataframe
2024-06-28 02:06:52,689:INFO:Initializing Bayesian Ridge
2024-06-28 02:06:52,690:INFO:Total runtime is 0.2607577681541443 minutes
2024-06-28 02:06:52,690:INFO:SubProcess create_model() called ==================================
2024-06-28 02:06:52,690:INFO:Initializing create_model()
2024-06-28 02:06:52,690:INFO:create_model(self=<pycaret.regression.oop.RegressionExperiment object at 0x000001F696986650>, estimator=br, fold=KFold(n_splits=10, random_state=None, shuffle=False), round=4, cross_validation=True, predict=True, fit_kwargs={}, groups=None, refit=False, probability_threshold=None, experiment_custom_tags=None, verbose=False, system=False, add_to_model_list=True, metrics=None, display=<pycaret.internal.display.display.CommonDisplay object at 0x000001F6A210C050>, model_only=True, return_train_score=False, error_score=0.0, kwargs={})
2024-06-28 02:06:52,690:INFO:Checking exceptions
2024-06-28 02:06:52,690:INFO:Importing libraries
2024-06-28 02:06:52,690:INFO:Copying training dataset
2024-06-28 02:06:52,739:INFO:Defining folds
2024-06-28 02:06:52,739:INFO:Declaring metric variables
2024-06-28 02:06:52,739:INFO:Importing untrained model
2024-06-28 02:06:52,739:INFO:Bayesian Ridge Imported successfully
2024-06-28 02:06:52,739:INFO:Starting cross validation
2024-06-28 02:06:52,740:INFO:Cross validating with KFold(n_splits=10, random_state=None, shuffle=False), n_jobs=-1
2024-06-28 02:06:55,161:INFO:Calculating mean and std
2024-06-28 02:06:55,162:INFO:Creating metrics dataframe
2024-06-28 02:06:55,163:INFO:Uploading results into container
2024-06-28 02:06:55,163:INFO:Uploading model into container now
2024-06-28 02:06:55,164:INFO:_master_model_container: 8
2024-06-28 02:06:55,164:INFO:_display_container: 2
2024-06-28 02:06:55,164:INFO:BayesianRidge()
2024-06-28 02:06:55,164:INFO:create_model() successfully completed......................................
2024-06-28 02:06:55,321:INFO:SubProcess create_model() end ==================================
2024-06-28 02:06:55,321:INFO:Creating metrics dataframe
2024-06-28 02:06:55,323:INFO:Initializing Passive Aggressive Regressor
2024-06-28 02:06:55,323:INFO:Total runtime is 0.30463893016179405 minutes
2024-06-28 02:06:55,323:INFO:SubProcess create_model() called ==================================
2024-06-28 02:06:55,323:INFO:Initializing create_model()
2024-06-28 02:06:55,323:INFO:create_model(self=<pycaret.regression.oop.RegressionExperiment object at 0x000001F696986650>, estimator=par, fold=KFold(n_splits=10, random_state=None, shuffle=False), round=4, cross_validation=True, predict=True, fit_kwargs={}, groups=None, refit=False, probability_threshold=None, experiment_custom_tags=None, verbose=False, system=False, add_to_model_list=True, metrics=None, display=<pycaret.internal.display.display.CommonDisplay object at 0x000001F6A210C050>, model_only=True, return_train_score=False, error_score=0.0, kwargs={})
2024-06-28 02:06:55,323:INFO:Checking exceptions
2024-06-28 02:06:55,323:INFO:Importing libraries
2024-06-28 02:06:55,323:INFO:Copying training dataset
2024-06-28 02:06:55,369:INFO:Defining folds
2024-06-28 02:06:55,369:INFO:Declaring metric variables
2024-06-28 02:06:55,369:INFO:Importing untrained model
2024-06-28 02:06:55,369:INFO:Passive Aggressive Regressor Imported successfully
2024-06-28 02:06:55,369:INFO:Starting cross validation
2024-06-28 02:06:55,370:INFO:Cross validating with KFold(n_splits=10, random_state=None, shuffle=False), n_jobs=-1
2024-06-28 02:06:56,182:INFO:Calculating mean and std
2024-06-28 02:06:56,183:INFO:Creating metrics dataframe
2024-06-28 02:06:56,184:INFO:Uploading results into container
2024-06-28 02:06:56,184:INFO:Uploading model into container now
2024-06-28 02:06:56,185:INFO:_master_model_container: 9
2024-06-28 02:06:56,185:INFO:_display_container: 2
2024-06-28 02:06:56,185:INFO:PassiveAggressiveRegressor(random_state=3587)
2024-06-28 02:06:56,185:INFO:create_model() successfully completed......................................
2024-06-28 02:06:56,349:INFO:SubProcess create_model() end ==================================
2024-06-28 02:06:56,349:INFO:Creating metrics dataframe
2024-06-28 02:06:56,351:INFO:Initializing Huber Regressor
2024-06-28 02:06:56,352:INFO:Total runtime is 0.3217642863591512 minutes
2024-06-28 02:06:56,352:INFO:SubProcess create_model() called ==================================
2024-06-28 02:06:56,352:INFO:Initializing create_model()
2024-06-28 02:06:56,352:INFO:create_model(self=<pycaret.regression.oop.RegressionExperiment object at 0x000001F696986650>, estimator=huber, fold=KFold(n_splits=10, random_state=None, shuffle=False), round=4, cross_validation=True, predict=True, fit_kwargs={}, groups=None, refit=False, probability_threshold=None, experiment_custom_tags=None, verbose=False, system=False, add_to_model_list=True, metrics=None, display=<pycaret.internal.display.display.CommonDisplay object at 0x000001F6A210C050>, model_only=True, return_train_score=False, error_score=0.0, kwargs={})
2024-06-28 02:06:56,352:INFO:Checking exceptions
2024-06-28 02:06:56,352:INFO:Importing libraries
2024-06-28 02:06:56,352:INFO:Copying training dataset
2024-06-28 02:06:56,399:INFO:Defining folds
2024-06-28 02:06:56,399:INFO:Declaring metric variables
2024-06-28 02:06:56,399:INFO:Importing untrained model
2024-06-28 02:06:56,399:INFO:Huber Regressor Imported successfully
2024-06-28 02:06:56,399:INFO:Starting cross validation
2024-06-28 02:06:56,400:INFO:Cross validating with KFold(n_splits=10, random_state=None, shuffle=False), n_jobs=-1
2024-06-28 02:07:00,412:INFO:Calculating mean and std
2024-06-28 02:07:00,413:INFO:Creating metrics dataframe
2024-06-28 02:07:00,414:INFO:Uploading results into container
2024-06-28 02:07:00,415:INFO:Uploading model into container now
2024-06-28 02:07:00,415:INFO:_master_model_container: 10
2024-06-28 02:07:00,415:INFO:_display_container: 2
2024-06-28 02:07:00,415:INFO:HuberRegressor()
2024-06-28 02:07:00,415:INFO:create_model() successfully completed......................................
2024-06-28 02:07:00,575:INFO:SubProcess create_model() end ==================================
2024-06-28 02:07:00,575:INFO:Creating metrics dataframe
2024-06-28 02:07:00,577:INFO:Initializing K Neighbors Regressor
2024-06-28 02:07:00,577:INFO:Total runtime is 0.3921983321507772 minutes
2024-06-28 02:07:00,578:INFO:SubProcess create_model() called ==================================
2024-06-28 02:07:00,578:INFO:Initializing create_model()
2024-06-28 02:07:00,578:INFO:create_model(self=<pycaret.regression.oop.RegressionExperiment object at 0x000001F696986650>, estimator=knn, fold=KFold(n_splits=10, random_state=None, shuffle=False), round=4, cross_validation=True, predict=True, fit_kwargs={}, groups=None, refit=False, probability_threshold=None, experiment_custom_tags=None, verbose=False, system=False, add_to_model_list=True, metrics=None, display=<pycaret.internal.display.display.CommonDisplay object at 0x000001F6A210C050>, model_only=True, return_train_score=False, error_score=0.0, kwargs={})
2024-06-28 02:07:00,578:INFO:Checking exceptions
2024-06-28 02:07:00,578:INFO:Importing libraries
2024-06-28 02:07:00,578:INFO:Copying training dataset
2024-06-28 02:07:00,624:INFO:Defining folds
2024-06-28 02:07:00,624:INFO:Declaring metric variables
2024-06-28 02:07:00,624:INFO:Importing untrained model
2024-06-28 02:07:00,624:INFO:K Neighbors Regressor Imported successfully
2024-06-28 02:07:00,624:INFO:Starting cross validation
2024-06-28 02:07:00,625:INFO:Cross validating with KFold(n_splits=10, random_state=None, shuffle=False), n_jobs=-1
2024-06-28 02:07:03,167:INFO:Calculating mean and std
2024-06-28 02:07:03,169:INFO:Creating metrics dataframe
2024-06-28 02:07:03,170:INFO:Uploading results into container
2024-06-28 02:07:03,170:INFO:Uploading model into container now
2024-06-28 02:07:03,170:INFO:_master_model_container: 11
2024-06-28 02:07:03,170:INFO:_display_container: 2
2024-06-28 02:07:03,171:INFO:KNeighborsRegressor(n_jobs=-1)
2024-06-28 02:07:03,171:INFO:create_model() successfully completed......................................
2024-06-28 02:07:03,331:INFO:SubProcess create_model() end ==================================
2024-06-28 02:07:03,331:INFO:Creating metrics dataframe
2024-06-28 02:07:03,333:INFO:Initializing Decision Tree Regressor
2024-06-28 02:07:03,333:INFO:Total runtime is 0.4381273070971171 minutes
2024-06-28 02:07:03,333:INFO:SubProcess create_model() called ==================================
2024-06-28 02:07:03,333:INFO:Initializing create_model()
2024-06-28 02:07:03,333:INFO:create_model(self=<pycaret.regression.oop.RegressionExperiment object at 0x000001F696986650>, estimator=dt, fold=KFold(n_splits=10, random_state=None, shuffle=False), round=4, cross_validation=True, predict=True, fit_kwargs={}, groups=None, refit=False, probability_threshold=None, experiment_custom_tags=None, verbose=False, system=False, add_to_model_list=True, metrics=None, display=<pycaret.internal.display.display.CommonDisplay object at 0x000001F6A210C050>, model_only=True, return_train_score=False, error_score=0.0, kwargs={})
2024-06-28 02:07:03,333:INFO:Checking exceptions
2024-06-28 02:07:03,333:INFO:Importing libraries
2024-06-28 02:07:03,333:INFO:Copying training dataset
2024-06-28 02:07:03,380:INFO:Defining folds
2024-06-28 02:07:03,380:INFO:Declaring metric variables
2024-06-28 02:07:03,380:INFO:Importing untrained model
2024-06-28 02:07:03,380:INFO:Decision Tree Regressor Imported successfully
2024-06-28 02:07:03,380:INFO:Starting cross validation
2024-06-28 02:07:03,381:INFO:Cross validating with KFold(n_splits=10, random_state=None, shuffle=False), n_jobs=-1
2024-06-28 02:07:05,037:INFO:Calculating mean and std
2024-06-28 02:07:05,038:INFO:Creating metrics dataframe
2024-06-28 02:07:05,039:INFO:Uploading results into container
2024-06-28 02:07:05,040:INFO:Uploading model into container now
2024-06-28 02:07:05,040:INFO:_master_model_container: 12
2024-06-28 02:07:05,040:INFO:_display_container: 2
2024-06-28 02:07:05,041:INFO:DecisionTreeRegressor(random_state=3587)
2024-06-28 02:07:05,041:INFO:create_model() successfully completed......................................
2024-06-28 02:07:05,224:INFO:SubProcess create_model() end ==================================
2024-06-28 02:07:05,224:INFO:Creating metrics dataframe
2024-06-28 02:07:05,227:INFO:Initializing Random Forest Regressor
2024-06-28 02:07:05,227:INFO:Total runtime is 0.4697060465812683 minutes
2024-06-28 02:07:05,227:INFO:SubProcess create_model() called ==================================
2024-06-28 02:07:05,227:INFO:Initializing create_model()
2024-06-28 02:07:05,227:INFO:create_model(self=<pycaret.regression.oop.RegressionExperiment object at 0x000001F696986650>, estimator=rf, fold=KFold(n_splits=10, random_state=None, shuffle=False), round=4, cross_validation=True, predict=True, fit_kwargs={}, groups=None, refit=False, probability_threshold=None, experiment_custom_tags=None, verbose=False, system=False, add_to_model_list=True, metrics=None, display=<pycaret.internal.display.display.CommonDisplay object at 0x000001F6A210C050>, model_only=True, return_train_score=False, error_score=0.0, kwargs={})
2024-06-28 02:07:05,227:INFO:Checking exceptions
2024-06-28 02:07:05,227:INFO:Importing libraries
2024-06-28 02:07:05,227:INFO:Copying training dataset
2024-06-28 02:07:05,276:INFO:Defining folds
2024-06-28 02:07:05,277:INFO:Declaring metric variables
2024-06-28 02:07:05,277:INFO:Importing untrained model
2024-06-28 02:07:05,277:INFO:Random Forest Regressor Imported successfully
2024-06-28 02:07:05,277:INFO:Starting cross validation
2024-06-28 02:07:05,278:INFO:Cross validating with KFold(n_splits=10, random_state=None, shuffle=False), n_jobs=-1
2024-06-28 02:08:23,020:WARNING:C:\Users\cesar_0qb0xal\Documents\GitHub\cars_ml_project\venv\Lib\site-packages\sklearn\base.py:493: UserWarning: X does not have valid feature names, but RandomForestRegressor was fitted with feature names
  warnings.warn(

2024-06-28 02:08:23,498:WARNING:C:\Users\cesar_0qb0xal\Documents\GitHub\cars_ml_project\venv\Lib\site-packages\sklearn\base.py:493: UserWarning: X does not have valid feature names, but RandomForestRegressor was fitted with feature names
  warnings.warn(

2024-06-28 02:08:24,021:WARNING:C:\Users\cesar_0qb0xal\Documents\GitHub\cars_ml_project\venv\Lib\site-packages\sklearn\base.py:493: UserWarning: X does not have valid feature names, but RandomForestRegressor was fitted with feature names
  warnings.warn(

2024-06-28 02:08:24,678:WARNING:C:\Users\cesar_0qb0xal\Documents\GitHub\cars_ml_project\venv\Lib\site-packages\sklearn\base.py:493: UserWarning: X does not have valid feature names, but RandomForestRegressor was fitted with feature names
  warnings.warn(

2024-06-28 02:08:24,900:WARNING:C:\Users\cesar_0qb0xal\Documents\GitHub\cars_ml_project\venv\Lib\site-packages\sklearn\base.py:493: UserWarning: X does not have valid feature names, but RandomForestRegressor was fitted with feature names
  warnings.warn(

2024-06-28 02:08:25,642:WARNING:C:\Users\cesar_0qb0xal\Documents\GitHub\cars_ml_project\venv\Lib\site-packages\sklearn\base.py:493: UserWarning: X does not have valid feature names, but RandomForestRegressor was fitted with feature names
  warnings.warn(

2024-06-28 02:08:25,790:WARNING:C:\Users\cesar_0qb0xal\Documents\GitHub\cars_ml_project\venv\Lib\site-packages\sklearn\base.py:493: UserWarning: X does not have valid feature names, but RandomForestRegressor was fitted with feature names
  warnings.warn(

2024-06-28 02:08:26,369:WARNING:C:\Users\cesar_0qb0xal\Documents\GitHub\cars_ml_project\venv\Lib\site-packages\sklearn\base.py:493: UserWarning: X does not have valid feature names, but RandomForestRegressor was fitted with feature names
  warnings.warn(

2024-06-28 02:08:27,188:WARNING:C:\Users\cesar_0qb0xal\Documents\GitHub\cars_ml_project\venv\Lib\site-packages\sklearn\base.py:493: UserWarning: X does not have valid feature names, but RandomForestRegressor was fitted with feature names
  warnings.warn(

2024-06-28 02:08:27,192:WARNING:C:\Users\cesar_0qb0xal\Documents\GitHub\cars_ml_project\venv\Lib\site-packages\sklearn\base.py:493: UserWarning: X does not have valid feature names, but RandomForestRegressor was fitted with feature names
  warnings.warn(

2024-06-28 02:08:27,855:INFO:Calculating mean and std
2024-06-28 02:08:27,855:INFO:Creating metrics dataframe
2024-06-28 02:08:27,857:INFO:Uploading results into container
2024-06-28 02:08:27,857:INFO:Uploading model into container now
2024-06-28 02:08:27,858:INFO:_master_model_container: 13
2024-06-28 02:08:27,858:INFO:_display_container: 2
2024-06-28 02:08:27,858:INFO:RandomForestRegressor(n_jobs=-1, random_state=3587)
2024-06-28 02:08:27,858:INFO:create_model() successfully completed......................................
2024-06-28 02:08:28,055:INFO:SubProcess create_model() end ==================================
2024-06-28 02:08:28,055:INFO:Creating metrics dataframe
2024-06-28 02:08:28,058:INFO:Initializing Extra Trees Regressor
2024-06-28 02:08:28,058:INFO:Total runtime is 1.850222150484721 minutes
2024-06-28 02:08:28,058:INFO:SubProcess create_model() called ==================================
2024-06-28 02:08:28,058:INFO:Initializing create_model()
2024-06-28 02:08:28,058:INFO:create_model(self=<pycaret.regression.oop.RegressionExperiment object at 0x000001F696986650>, estimator=et, fold=KFold(n_splits=10, random_state=None, shuffle=False), round=4, cross_validation=True, predict=True, fit_kwargs={}, groups=None, refit=False, probability_threshold=None, experiment_custom_tags=None, verbose=False, system=False, add_to_model_list=True, metrics=None, display=<pycaret.internal.display.display.CommonDisplay object at 0x000001F6A210C050>, model_only=True, return_train_score=False, error_score=0.0, kwargs={})
2024-06-28 02:08:28,058:INFO:Checking exceptions
2024-06-28 02:08:28,059:INFO:Importing libraries
2024-06-28 02:08:28,059:INFO:Copying training dataset
2024-06-28 02:08:28,113:INFO:Defining folds
2024-06-28 02:08:28,113:INFO:Declaring metric variables
2024-06-28 02:08:28,113:INFO:Importing untrained model
2024-06-28 02:08:28,113:INFO:Extra Trees Regressor Imported successfully
2024-06-28 02:08:28,113:INFO:Starting cross validation
2024-06-28 02:08:28,114:INFO:Cross validating with KFold(n_splits=10, random_state=None, shuffle=False), n_jobs=-1
2024-06-28 02:09:56,093:WARNING:C:\Users\cesar_0qb0xal\Documents\GitHub\cars_ml_project\venv\Lib\site-packages\sklearn\base.py:493: UserWarning: X does not have valid feature names, but ExtraTreesRegressor was fitted with feature names
  warnings.warn(

2024-06-28 02:10:07,245:WARNING:C:\Users\cesar_0qb0xal\Documents\GitHub\cars_ml_project\venv\Lib\site-packages\sklearn\base.py:493: UserWarning: X does not have valid feature names, but ExtraTreesRegressor was fitted with feature names
  warnings.warn(

2024-06-28 02:10:07,759:WARNING:C:\Users\cesar_0qb0xal\Documents\GitHub\cars_ml_project\venv\Lib\site-packages\sklearn\base.py:493: UserWarning: X does not have valid feature names, but ExtraTreesRegressor was fitted with feature names
  warnings.warn(

2024-06-28 02:10:07,814:WARNING:C:\Users\cesar_0qb0xal\Documents\GitHub\cars_ml_project\venv\Lib\site-packages\sklearn\base.py:493: UserWarning: X does not have valid feature names, but ExtraTreesRegressor was fitted with feature names
  warnings.warn(

2024-06-28 02:10:08,262:WARNING:C:\Users\cesar_0qb0xal\Documents\GitHub\cars_ml_project\venv\Lib\site-packages\sklearn\base.py:493: UserWarning: X does not have valid feature names, but ExtraTreesRegressor was fitted with feature names
  warnings.warn(

2024-06-28 02:10:08,330:WARNING:C:\Users\cesar_0qb0xal\Documents\GitHub\cars_ml_project\venv\Lib\site-packages\sklearn\base.py:493: UserWarning: X does not have valid feature names, but ExtraTreesRegressor was fitted with feature names
  warnings.warn(

2024-06-28 02:10:09,241:WARNING:C:\Users\cesar_0qb0xal\Documents\GitHub\cars_ml_project\venv\Lib\site-packages\sklearn\base.py:493: UserWarning: X does not have valid feature names, but ExtraTreesRegressor was fitted with feature names
  warnings.warn(

2024-06-28 02:10:09,717:WARNING:C:\Users\cesar_0qb0xal\Documents\GitHub\cars_ml_project\venv\Lib\site-packages\sklearn\base.py:493: UserWarning: X does not have valid feature names, but ExtraTreesRegressor was fitted with feature names
  warnings.warn(

2024-06-28 02:10:10,053:WARNING:C:\Users\cesar_0qb0xal\Documents\GitHub\cars_ml_project\venv\Lib\site-packages\sklearn\base.py:493: UserWarning: X does not have valid feature names, but ExtraTreesRegressor was fitted with feature names
  warnings.warn(

2024-06-28 02:10:10,169:WARNING:C:\Users\cesar_0qb0xal\Documents\GitHub\cars_ml_project\venv\Lib\site-packages\sklearn\base.py:493: UserWarning: X does not have valid feature names, but ExtraTreesRegressor was fitted with feature names
  warnings.warn(

2024-06-28 02:10:10,753:INFO:Calculating mean and std
2024-06-28 02:10:10,754:INFO:Creating metrics dataframe
2024-06-28 02:10:10,757:INFO:Uploading results into container
2024-06-28 02:10:10,758:INFO:Uploading model into container now
2024-06-28 02:10:10,759:INFO:_master_model_container: 14
2024-06-28 02:10:10,759:INFO:_display_container: 2
2024-06-28 02:10:10,760:INFO:ExtraTreesRegressor(n_jobs=-1, random_state=3587)
2024-06-28 02:10:10,760:INFO:create_model() successfully completed......................................
2024-06-28 02:10:11,009:INFO:SubProcess create_model() end ==================================
2024-06-28 02:10:11,010:INFO:Creating metrics dataframe
2024-06-28 02:10:11,013:INFO:Initializing AdaBoost Regressor
2024-06-28 02:10:11,013:INFO:Total runtime is 3.566136614481608 minutes
2024-06-28 02:10:11,013:INFO:SubProcess create_model() called ==================================
2024-06-28 02:10:11,013:INFO:Initializing create_model()
2024-06-28 02:10:11,014:INFO:create_model(self=<pycaret.regression.oop.RegressionExperiment object at 0x000001F696986650>, estimator=ada, fold=KFold(n_splits=10, random_state=None, shuffle=False), round=4, cross_validation=True, predict=True, fit_kwargs={}, groups=None, refit=False, probability_threshold=None, experiment_custom_tags=None, verbose=False, system=False, add_to_model_list=True, metrics=None, display=<pycaret.internal.display.display.CommonDisplay object at 0x000001F6A210C050>, model_only=True, return_train_score=False, error_score=0.0, kwargs={})
2024-06-28 02:10:11,014:INFO:Checking exceptions
2024-06-28 02:10:11,014:INFO:Importing libraries
2024-06-28 02:10:11,014:INFO:Copying training dataset
2024-06-28 02:10:11,068:INFO:Defining folds
2024-06-28 02:10:11,068:INFO:Declaring metric variables
2024-06-28 02:10:11,068:INFO:Importing untrained model
2024-06-28 02:10:11,068:INFO:AdaBoost Regressor Imported successfully
2024-06-28 02:10:11,069:INFO:Starting cross validation
2024-06-28 02:10:11,069:INFO:Cross validating with KFold(n_splits=10, random_state=None, shuffle=False), n_jobs=-1
2024-06-28 02:10:37,329:INFO:Calculating mean and std
2024-06-28 02:10:37,329:INFO:Creating metrics dataframe
2024-06-28 02:10:37,330:INFO:Uploading results into container
2024-06-28 02:10:37,331:INFO:Uploading model into container now
2024-06-28 02:10:37,331:INFO:_master_model_container: 15
2024-06-28 02:10:37,331:INFO:_display_container: 2
2024-06-28 02:10:37,331:INFO:AdaBoostRegressor(random_state=3587)
2024-06-28 02:10:37,331:INFO:create_model() successfully completed......................................
2024-06-28 02:10:37,490:INFO:SubProcess create_model() end ==================================
2024-06-28 02:10:37,490:INFO:Creating metrics dataframe
2024-06-28 02:10:37,492:INFO:Initializing Gradient Boosting Regressor
2024-06-28 02:10:37,492:INFO:Total runtime is 4.007453568776448 minutes
2024-06-28 02:10:37,492:INFO:SubProcess create_model() called ==================================
2024-06-28 02:10:37,493:INFO:Initializing create_model()
2024-06-28 02:10:37,493:INFO:create_model(self=<pycaret.regression.oop.RegressionExperiment object at 0x000001F696986650>, estimator=gbr, fold=KFold(n_splits=10, random_state=None, shuffle=False), round=4, cross_validation=True, predict=True, fit_kwargs={}, groups=None, refit=False, probability_threshold=None, experiment_custom_tags=None, verbose=False, system=False, add_to_model_list=True, metrics=None, display=<pycaret.internal.display.display.CommonDisplay object at 0x000001F6A210C050>, model_only=True, return_train_score=False, error_score=0.0, kwargs={})
2024-06-28 02:10:37,493:INFO:Checking exceptions
2024-06-28 02:10:37,493:INFO:Importing libraries
2024-06-28 02:10:37,493:INFO:Copying training dataset
2024-06-28 02:10:37,539:INFO:Defining folds
2024-06-28 02:10:37,539:INFO:Declaring metric variables
2024-06-28 02:10:37,539:INFO:Importing untrained model
2024-06-28 02:10:37,540:INFO:Gradient Boosting Regressor Imported successfully
2024-06-28 02:10:37,540:INFO:Starting cross validation
2024-06-28 02:10:37,540:INFO:Cross validating with KFold(n_splits=10, random_state=None, shuffle=False), n_jobs=-1
2024-06-28 02:10:51,239:INFO:Calculating mean and std
2024-06-28 02:10:51,240:INFO:Creating metrics dataframe
2024-06-28 02:10:51,241:INFO:Uploading results into container
2024-06-28 02:10:51,241:INFO:Uploading model into container now
2024-06-28 02:10:51,242:INFO:_master_model_container: 16
2024-06-28 02:10:51,242:INFO:_display_container: 2
2024-06-28 02:10:51,242:INFO:GradientBoostingRegressor(random_state=3587)
2024-06-28 02:10:51,242:INFO:create_model() successfully completed......................................
2024-06-28 02:10:51,404:INFO:SubProcess create_model() end ==================================
2024-06-28 02:10:51,404:INFO:Creating metrics dataframe
2024-06-28 02:10:51,406:INFO:Initializing Light Gradient Boosting Machine
2024-06-28 02:10:51,406:INFO:Total runtime is 4.239356450239817 minutes
2024-06-28 02:10:51,406:INFO:SubProcess create_model() called ==================================
2024-06-28 02:10:51,406:INFO:Initializing create_model()
2024-06-28 02:10:51,406:INFO:create_model(self=<pycaret.regression.oop.RegressionExperiment object at 0x000001F696986650>, estimator=lightgbm, fold=KFold(n_splits=10, random_state=None, shuffle=False), round=4, cross_validation=True, predict=True, fit_kwargs={}, groups=None, refit=False, probability_threshold=None, experiment_custom_tags=None, verbose=False, system=False, add_to_model_list=True, metrics=None, display=<pycaret.internal.display.display.CommonDisplay object at 0x000001F6A210C050>, model_only=True, return_train_score=False, error_score=0.0, kwargs={})
2024-06-28 02:10:51,406:INFO:Checking exceptions
2024-06-28 02:10:51,406:INFO:Importing libraries
2024-06-28 02:10:51,406:INFO:Copying training dataset
2024-06-28 02:10:51,453:INFO:Defining folds
2024-06-28 02:10:51,453:INFO:Declaring metric variables
2024-06-28 02:10:51,453:INFO:Importing untrained model
2024-06-28 02:10:51,454:INFO:Light Gradient Boosting Machine Imported successfully
2024-06-28 02:10:51,454:INFO:Starting cross validation
2024-06-28 02:10:51,455:INFO:Cross validating with KFold(n_splits=10, random_state=None, shuffle=False), n_jobs=-1
2024-06-28 02:10:53,899:INFO:Calculating mean and std
2024-06-28 02:10:53,900:INFO:Creating metrics dataframe
2024-06-28 02:10:53,902:INFO:Uploading results into container
2024-06-28 02:10:53,902:INFO:Uploading model into container now
2024-06-28 02:10:53,903:INFO:_master_model_container: 17
2024-06-28 02:10:53,903:INFO:_display_container: 2
2024-06-28 02:10:53,903:INFO:LGBMRegressor(n_jobs=-1, random_state=3587)
2024-06-28 02:10:53,903:INFO:create_model() successfully completed......................................
2024-06-28 02:10:54,078:INFO:SubProcess create_model() end ==================================
2024-06-28 02:10:54,078:INFO:Creating metrics dataframe
2024-06-28 02:10:54,080:INFO:Initializing CatBoost Regressor
2024-06-28 02:10:54,080:INFO:Total runtime is 4.283916215101877 minutes
2024-06-28 02:10:54,081:INFO:SubProcess create_model() called ==================================
2024-06-28 02:10:54,081:INFO:Initializing create_model()
2024-06-28 02:10:54,081:INFO:create_model(self=<pycaret.regression.oop.RegressionExperiment object at 0x000001F696986650>, estimator=catboost, fold=KFold(n_splits=10, random_state=None, shuffle=False), round=4, cross_validation=True, predict=True, fit_kwargs={}, groups=None, refit=False, probability_threshold=None, experiment_custom_tags=None, verbose=False, system=False, add_to_model_list=True, metrics=None, display=<pycaret.internal.display.display.CommonDisplay object at 0x000001F6A210C050>, model_only=True, return_train_score=False, error_score=0.0, kwargs={})
2024-06-28 02:10:54,081:INFO:Checking exceptions
2024-06-28 02:10:54,081:INFO:Importing libraries
2024-06-28 02:10:54,081:INFO:Copying training dataset
2024-06-28 02:10:54,126:INFO:Defining folds
2024-06-28 02:10:54,126:INFO:Declaring metric variables
2024-06-28 02:10:54,127:INFO:Importing untrained model
2024-06-28 02:10:54,139:INFO:CatBoost Regressor Imported successfully
2024-06-28 02:10:54,139:INFO:Starting cross validation
2024-06-28 02:10:54,140:INFO:Cross validating with KFold(n_splits=10, random_state=None, shuffle=False), n_jobs=-1
2024-06-28 02:11:01,593:WARNING:C:\Users\cesar_0qb0xal\Documents\GitHub\cars_ml_project\venv\Lib\site-packages\sklearn\model_selection\_validation.py:547: FitFailedWarning: 
9 fits failed out of a total of 10.
The score on these train-test partitions for these parameters will be set to 0.0.
If these failures are not expected, you can try to debug them by setting error_score='raise'.

Below are more details about the failures:
--------------------------------------------------------------------------------
9 fits failed with the following error:
Traceback (most recent call last):
  File "C:\Users\cesar_0qb0xal\Documents\GitHub\cars_ml_project\venv\Lib\site-packages\sklearn\model_selection\_validation.py", line 895, in _fit_and_score
    estimator.fit(X_train, y_train, **fit_params)
  File "C:\Users\cesar_0qb0xal\Documents\GitHub\cars_ml_project\venv\Lib\site-packages\pycaret\internal\pipeline.py", line 278, in fit
    fitted_estimator = self._memory_fit(
                       ^^^^^^^^^^^^^^^^^
  File "C:\Users\cesar_0qb0xal\Documents\GitHub\cars_ml_project\venv\Lib\site-packages\joblib\memory.py", line 353, in __call__
    return self.func(*args, **kwargs)
           ^^^^^^^^^^^^^^^^^^^^^^^^^^
  File "C:\Users\cesar_0qb0xal\Documents\GitHub\cars_ml_project\venv\Lib\site-packages\pycaret\internal\pipeline.py", line 69, in _fit_one
    transformer.fit(*args)
  File "C:\Users\cesar_0qb0xal\Documents\GitHub\cars_ml_project\venv\Lib\site-packages\catboost\core.py", line 5827, in fit
    return self._fit(X, y, cat_features, text_features, embedding_features, None, sample_weight, None, None, None, None, baseline,
           ^^^^^^^^^^^^^^^^^^^^^^^^^^^^^^^^^^^^^^^^^^^^^^^^^^^^^^^^^^^^^^^^^^^^^^^^^^^^^^^^^^^^^^^^^^^^^^^^^^^^^^^^^^^^^^^^^^^^^^^
  File "C:\Users\cesar_0qb0xal\Documents\GitHub\cars_ml_project\venv\Lib\site-packages\catboost\core.py", line 2400, in _fit
    self._train(
  File "C:\Users\cesar_0qb0xal\Documents\GitHub\cars_ml_project\venv\Lib\site-packages\catboost\core.py", line 1780, in _train
    self._object._train(train_pool, test_pool, params, allow_clear_pool, init_model._object if init_model else None)
  File "_catboost.pyx", line 4833, in _catboost._CatBoost._train
  File "_catboost.pyx", line 4882, in _catboost._CatBoost._train
_catboost.CatBoostError: C:/Go_Agent/pipelines/BuildMaster/catboost.git/catboost/libs/train_lib/dir_helper.cpp:20: Can't create train working dir: catboost_info

  warnings.warn(some_fits_failed_message, FitFailedWarning)

2024-06-28 02:11:01,593:INFO:Calculating mean and std
2024-06-28 02:11:01,594:INFO:Creating metrics dataframe
2024-06-28 02:11:01,595:INFO:Uploading results into container
2024-06-28 02:11:01,596:INFO:Uploading model into container now
2024-06-28 02:11:01,596:INFO:_master_model_container: 18
2024-06-28 02:11:01,596:INFO:_display_container: 2
2024-06-28 02:11:01,596:INFO:<catboost.core.CatBoostRegressor object at 0x000001F69BD6EE90>
2024-06-28 02:11:01,596:INFO:create_model() successfully completed......................................
2024-06-28 02:11:01,758:WARNING:create_model() for <catboost.core.CatBoostRegressor object at 0x000001F69BD6EE90> raised an exception or returned all 0.0, trying without fit_kwargs:
2024-06-28 02:11:01,767:WARNING:Traceback (most recent call last):
  File "C:\Users\cesar_0qb0xal\Documents\GitHub\cars_ml_project\venv\Lib\site-packages\pycaret\internal\pycaret_experiment\supervised_experiment.py", line 797, in compare_models
    np.sum(
AssertionError

2024-06-28 02:11:01,767:INFO:Initializing create_model()
2024-06-28 02:11:01,767:INFO:create_model(self=<pycaret.regression.oop.RegressionExperiment object at 0x000001F696986650>, estimator=catboost, fold=KFold(n_splits=10, random_state=None, shuffle=False), round=4, cross_validation=True, predict=True, fit_kwargs={}, groups=None, refit=False, probability_threshold=None, experiment_custom_tags=None, verbose=False, system=False, add_to_model_list=True, metrics=None, display=<pycaret.internal.display.display.CommonDisplay object at 0x000001F6A210C050>, model_only=True, return_train_score=False, error_score=0.0, kwargs={})
2024-06-28 02:11:01,767:INFO:Checking exceptions
2024-06-28 02:11:01,767:INFO:Importing libraries
2024-06-28 02:11:01,767:INFO:Copying training dataset
2024-06-28 02:11:01,815:INFO:Defining folds
2024-06-28 02:11:01,815:INFO:Declaring metric variables
2024-06-28 02:11:01,815:INFO:Importing untrained model
2024-06-28 02:11:01,816:INFO:CatBoost Regressor Imported successfully
2024-06-28 02:11:01,816:INFO:Starting cross validation
2024-06-28 02:11:01,817:INFO:Cross validating with KFold(n_splits=10, random_state=None, shuffle=False), n_jobs=-1
2024-06-28 02:11:33,988:INFO:Calculating mean and std
2024-06-28 02:11:33,993:INFO:Creating metrics dataframe
2024-06-28 02:11:34,004:INFO:Uploading results into container
2024-06-28 02:11:34,005:INFO:Uploading model into container now
2024-06-28 02:11:34,006:INFO:_master_model_container: 19
2024-06-28 02:11:34,006:INFO:_display_container: 2
2024-06-28 02:11:34,007:INFO:<catboost.core.CatBoostRegressor object at 0x000001F6A1141810>
2024-06-28 02:11:34,007:INFO:create_model() successfully completed......................................
2024-06-28 02:11:34,338:INFO:SubProcess create_model() end ==================================
2024-06-28 02:11:34,338:INFO:Creating metrics dataframe
2024-06-28 02:11:34,341:INFO:Initializing Dummy Regressor
2024-06-28 02:11:34,341:INFO:Total runtime is 4.954938606421152 minutes
2024-06-28 02:11:34,341:INFO:SubProcess create_model() called ==================================
2024-06-28 02:11:34,341:INFO:Initializing create_model()
2024-06-28 02:11:34,341:INFO:create_model(self=<pycaret.regression.oop.RegressionExperiment object at 0x000001F696986650>, estimator=dummy, fold=KFold(n_splits=10, random_state=None, shuffle=False), round=4, cross_validation=True, predict=True, fit_kwargs={}, groups=None, refit=False, probability_threshold=None, experiment_custom_tags=None, verbose=False, system=False, add_to_model_list=True, metrics=None, display=<pycaret.internal.display.display.CommonDisplay object at 0x000001F6A210C050>, model_only=True, return_train_score=False, error_score=0.0, kwargs={})
2024-06-28 02:11:34,341:INFO:Checking exceptions
2024-06-28 02:11:34,341:INFO:Importing libraries
2024-06-28 02:11:34,342:INFO:Copying training dataset
2024-06-28 02:11:34,391:INFO:Defining folds
2024-06-28 02:11:34,391:INFO:Declaring metric variables
2024-06-28 02:11:34,392:INFO:Importing untrained model
2024-06-28 02:11:34,392:INFO:Dummy Regressor Imported successfully
2024-06-28 02:11:34,392:INFO:Starting cross validation
2024-06-28 02:11:34,393:INFO:Cross validating with KFold(n_splits=10, random_state=None, shuffle=False), n_jobs=-1
2024-06-28 02:11:34,922:INFO:Calculating mean and std
2024-06-28 02:11:34,922:INFO:Creating metrics dataframe
2024-06-28 02:11:34,924:INFO:Uploading results into container
2024-06-28 02:11:34,924:INFO:Uploading model into container now
2024-06-28 02:11:34,925:INFO:_master_model_container: 20
2024-06-28 02:11:34,925:INFO:_display_container: 2
2024-06-28 02:11:34,925:INFO:DummyRegressor()
2024-06-28 02:11:34,925:INFO:create_model() successfully completed......................................
2024-06-28 02:11:35,125:INFO:SubProcess create_model() end ==================================
2024-06-28 02:11:35,125:INFO:Creating metrics dataframe
2024-06-28 02:11:35,127:WARNING:C:\Users\cesar_0qb0xal\Documents\GitHub\cars_ml_project\venv\Lib\site-packages\pycaret\internal\pycaret_experiment\supervised_experiment.py:339: FutureWarning: Styler.applymap has been deprecated. Use Styler.map instead.
  .applymap(highlight_cols, subset=["TT (Sec)"])

2024-06-28 02:11:35,129:INFO:Initializing create_model()
2024-06-28 02:11:35,129:INFO:create_model(self=<pycaret.regression.oop.RegressionExperiment object at 0x000001F696986650>, estimator=<catboost.core.CatBoostRegressor object at 0x000001F6A1141810>, fold=KFold(n_splits=10, random_state=None, shuffle=False), round=4, cross_validation=False, predict=False, fit_kwargs={}, groups=None, refit=True, probability_threshold=None, experiment_custom_tags=None, verbose=False, system=False, add_to_model_list=True, metrics=None, display=None, model_only=True, return_train_score=False, error_score=0.0, kwargs={})
2024-06-28 02:11:35,129:INFO:Checking exceptions
2024-06-28 02:11:35,129:INFO:Importing libraries
2024-06-28 02:11:35,130:INFO:Copying training dataset
2024-06-28 02:11:35,177:INFO:Defining folds
2024-06-28 02:11:35,178:INFO:Declaring metric variables
2024-06-28 02:11:35,178:INFO:Importing untrained model
2024-06-28 02:11:35,178:INFO:Declaring custom model
2024-06-28 02:11:35,178:INFO:CatBoost Regressor Imported successfully
2024-06-28 02:11:35,179:INFO:Cross validation set to False
2024-06-28 02:11:35,179:INFO:Fitting Model
2024-06-28 02:11:41,956:INFO:<catboost.core.CatBoostRegressor object at 0x000001F69FE14A10>
2024-06-28 02:11:41,956:INFO:create_model() successfully completed......................................
2024-06-28 02:11:42,134:INFO:_master_model_container: 20
2024-06-28 02:11:42,135:INFO:_display_container: 2
2024-06-28 02:11:42,135:INFO:<catboost.core.CatBoostRegressor object at 0x000001F69FE14A10>
2024-06-28 02:11:42,135:INFO:compare_models() successfully completed......................................
2024-06-28 02:11:42,135:INFO:Initializing create_model()
2024-06-28 02:11:42,135:INFO:create_model(self=<pycaret.regression.oop.RegressionExperiment object at 0x000001F696986650>, estimator=rf, fold=None, round=4, cross_validation=True, predict=True, fit_kwargs=None, groups=None, refit=True, probability_threshold=None, experiment_custom_tags=None, verbose=True, system=True, add_to_model_list=True, metrics=None, display=None, model_only=True, return_train_score=False, error_score=0.0, kwargs={})
2024-06-28 02:11:42,135:INFO:Checking exceptions
2024-06-28 02:11:42,136:INFO:Importing libraries
2024-06-28 02:11:42,136:INFO:Copying training dataset
2024-06-28 02:11:42,182:INFO:Defining folds
2024-06-28 02:11:42,182:INFO:Declaring metric variables
2024-06-28 02:11:42,183:INFO:Importing untrained model
2024-06-28 02:11:42,183:INFO:Random Forest Regressor Imported successfully
2024-06-28 02:11:42,183:INFO:Starting cross validation
2024-06-28 02:11:42,184:INFO:Cross validating with KFold(n_splits=10, random_state=None, shuffle=False), n_jobs=-1
2024-06-28 02:13:05,108:WARNING:C:\Users\cesar_0qb0xal\Documents\GitHub\cars_ml_project\venv\Lib\site-packages\sklearn\base.py:493: UserWarning: X does not have valid feature names, but RandomForestRegressor was fitted with feature names
  warnings.warn(

2024-06-28 02:13:07,764:WARNING:C:\Users\cesar_0qb0xal\Documents\GitHub\cars_ml_project\venv\Lib\site-packages\sklearn\base.py:493: UserWarning: X does not have valid feature names, but RandomForestRegressor was fitted with feature names
  warnings.warn(

2024-06-28 02:13:07,946:WARNING:C:\Users\cesar_0qb0xal\Documents\GitHub\cars_ml_project\venv\Lib\site-packages\sklearn\base.py:493: UserWarning: X does not have valid feature names, but RandomForestRegressor was fitted with feature names
  warnings.warn(

2024-06-28 02:13:08,050:WARNING:C:\Users\cesar_0qb0xal\Documents\GitHub\cars_ml_project\venv\Lib\site-packages\sklearn\base.py:493: UserWarning: X does not have valid feature names, but RandomForestRegressor was fitted with feature names
  warnings.warn(

2024-06-28 02:13:08,132:WARNING:C:\Users\cesar_0qb0xal\Documents\GitHub\cars_ml_project\venv\Lib\site-packages\sklearn\base.py:493: UserWarning: X does not have valid feature names, but RandomForestRegressor was fitted with feature names
  warnings.warn(

2024-06-28 02:13:12,289:WARNING:C:\Users\cesar_0qb0xal\Documents\GitHub\cars_ml_project\venv\Lib\site-packages\sklearn\base.py:493: UserWarning: X does not have valid feature names, but RandomForestRegressor was fitted with feature names
  warnings.warn(

2024-06-28 02:13:12,460:WARNING:C:\Users\cesar_0qb0xal\Documents\GitHub\cars_ml_project\venv\Lib\site-packages\sklearn\base.py:493: UserWarning: X does not have valid feature names, but RandomForestRegressor was fitted with feature names
  warnings.warn(

2024-06-28 02:13:12,746:WARNING:C:\Users\cesar_0qb0xal\Documents\GitHub\cars_ml_project\venv\Lib\site-packages\sklearn\base.py:493: UserWarning: X does not have valid feature names, but RandomForestRegressor was fitted with feature names
  warnings.warn(

2024-06-28 02:13:12,941:WARNING:C:\Users\cesar_0qb0xal\Documents\GitHub\cars_ml_project\venv\Lib\site-packages\sklearn\base.py:493: UserWarning: X does not have valid feature names, but RandomForestRegressor was fitted with feature names
  warnings.warn(

2024-06-28 02:13:13,219:WARNING:C:\Users\cesar_0qb0xal\Documents\GitHub\cars_ml_project\venv\Lib\site-packages\sklearn\base.py:493: UserWarning: X does not have valid feature names, but RandomForestRegressor was fitted with feature names
  warnings.warn(

2024-06-28 02:13:13,710:INFO:Calculating mean and std
2024-06-28 02:13:13,710:INFO:Creating metrics dataframe
2024-06-28 02:13:13,712:INFO:Finalizing model
2024-06-28 02:13:20,938:INFO:Uploading results into container
2024-06-28 02:13:20,939:INFO:Uploading model into container now
2024-06-28 02:13:20,944:INFO:_master_model_container: 21
2024-06-28 02:13:20,944:INFO:_display_container: 3
2024-06-28 02:13:20,944:INFO:RandomForestRegressor(n_jobs=-1, random_state=3587)
2024-06-28 02:13:20,944:INFO:create_model() successfully completed......................................
2024-06-28 02:13:21,114:INFO:Initializing tune_model()
2024-06-28 02:13:21,114:INFO:tune_model(self=<pycaret.regression.oop.RegressionExperiment object at 0x000001F696986650>, estimator=RandomForestRegressor(n_jobs=-1, random_state=3587), fold=None, round=4, n_iter=10, custom_grid=None, optimize=R2, custom_scorer=None, search_library=scikit-learn, search_algorithm=None, early_stopping=False, early_stopping_max_iters=10, choose_better=True, fit_kwargs=None, groups=None, return_tuner=False, verbose=True, tuner_verbose=True, return_train_score=False, kwargs={})
2024-06-28 02:13:21,114:INFO:Checking exceptions
2024-06-28 02:13:21,132:INFO:Copying training dataset
2024-06-28 02:13:21,163:INFO:Checking base model
2024-06-28 02:13:21,163:INFO:Base model : Random Forest Regressor
2024-06-28 02:13:21,163:INFO:Declaring metric variables
2024-06-28 02:13:21,163:INFO:Defining Hyperparameters
2024-06-28 02:13:21,336:INFO:Tuning with n_jobs=-1
2024-06-28 02:13:21,337:INFO:Initializing RandomizedSearchCV
2024-06-28 02:13:26,496:WARNING:C:\Users\cesar_0qb0xal\Documents\GitHub\cars_ml_project\venv\Lib\site-packages\sklearn\base.py:493: UserWarning: X does not have valid feature names, but RandomForestRegressor was fitted with feature names
  warnings.warn(

2024-06-28 02:13:26,544:WARNING:C:\Users\cesar_0qb0xal\Documents\GitHub\cars_ml_project\venv\Lib\site-packages\sklearn\base.py:493: UserWarning: X does not have valid feature names, but RandomForestRegressor was fitted with feature names
  warnings.warn(

2024-06-28 02:13:26,635:WARNING:C:\Users\cesar_0qb0xal\Documents\GitHub\cars_ml_project\venv\Lib\site-packages\sklearn\base.py:493: UserWarning: X does not have valid feature names, but RandomForestRegressor was fitted with feature names
  warnings.warn(

2024-06-28 02:13:27,272:WARNING:C:\Users\cesar_0qb0xal\Documents\GitHub\cars_ml_project\venv\Lib\site-packages\sklearn\base.py:493: UserWarning: X does not have valid feature names, but RandomForestRegressor was fitted with feature names
  warnings.warn(

2024-06-28 02:13:27,302:WARNING:C:\Users\cesar_0qb0xal\Documents\GitHub\cars_ml_project\venv\Lib\site-packages\sklearn\base.py:493: UserWarning: X does not have valid feature names, but RandomForestRegressor was fitted with feature names
  warnings.warn(

2024-06-28 02:13:27,540:WARNING:C:\Users\cesar_0qb0xal\Documents\GitHub\cars_ml_project\venv\Lib\site-packages\sklearn\base.py:493: UserWarning: X does not have valid feature names, but RandomForestRegressor was fitted with feature names
  warnings.warn(

2024-06-28 02:13:27,859:WARNING:C:\Users\cesar_0qb0xal\Documents\GitHub\cars_ml_project\venv\Lib\site-packages\sklearn\base.py:493: UserWarning: X does not have valid feature names, but RandomForestRegressor was fitted with feature names
  warnings.warn(

2024-06-28 02:13:27,867:WARNING:C:\Users\cesar_0qb0xal\Documents\GitHub\cars_ml_project\venv\Lib\site-packages\sklearn\base.py:493: UserWarning: X does not have valid feature names, but RandomForestRegressor was fitted with feature names
  warnings.warn(

2024-06-28 02:13:27,950:WARNING:C:\Users\cesar_0qb0xal\Documents\GitHub\cars_ml_project\venv\Lib\site-packages\sklearn\base.py:493: UserWarning: X does not have valid feature names, but RandomForestRegressor was fitted with feature names
  warnings.warn(

2024-06-28 02:13:27,964:WARNING:C:\Users\cesar_0qb0xal\Documents\GitHub\cars_ml_project\venv\Lib\site-packages\sklearn\base.py:493: UserWarning: X does not have valid feature names, but RandomForestRegressor was fitted with feature names
  warnings.warn(

2024-06-28 02:13:28,029:WARNING:C:\Users\cesar_0qb0xal\Documents\GitHub\cars_ml_project\venv\Lib\site-packages\sklearn\base.py:493: UserWarning: X does not have valid feature names, but RandomForestRegressor was fitted with feature names
  warnings.warn(

2024-06-28 02:13:28,040:WARNING:C:\Users\cesar_0qb0xal\Documents\GitHub\cars_ml_project\venv\Lib\site-packages\sklearn\base.py:493: UserWarning: X does not have valid feature names, but RandomForestRegressor was fitted with feature names
  warnings.warn(

2024-06-28 02:13:28,099:WARNING:C:\Users\cesar_0qb0xal\Documents\GitHub\cars_ml_project\venv\Lib\site-packages\sklearn\base.py:493: UserWarning: X does not have valid feature names, but RandomForestRegressor was fitted with feature names
  warnings.warn(

2024-06-28 02:13:30,618:WARNING:C:\Users\cesar_0qb0xal\Documents\GitHub\cars_ml_project\venv\Lib\site-packages\sklearn\base.py:493: UserWarning: X does not have valid feature names, but RandomForestRegressor was fitted with feature names
  warnings.warn(

2024-06-28 02:13:40,897:WARNING:C:\Users\cesar_0qb0xal\Documents\GitHub\cars_ml_project\venv\Lib\site-packages\sklearn\base.py:493: UserWarning: X does not have valid feature names, but RandomForestRegressor was fitted with feature names
  warnings.warn(

2024-06-28 02:13:43,641:WARNING:C:\Users\cesar_0qb0xal\Documents\GitHub\cars_ml_project\venv\Lib\site-packages\sklearn\base.py:493: UserWarning: X does not have valid feature names, but RandomForestRegressor was fitted with feature names
  warnings.warn(

2024-06-28 02:14:49,406:WARNING:C:\Users\cesar_0qb0xal\Documents\GitHub\cars_ml_project\venv\Lib\site-packages\sklearn\base.py:493: UserWarning: X does not have valid feature names, but RandomForestRegressor was fitted with feature names
  warnings.warn(

2024-06-28 02:14:55,948:WARNING:C:\Users\cesar_0qb0xal\Documents\GitHub\cars_ml_project\venv\Lib\site-packages\sklearn\base.py:493: UserWarning: X does not have valid feature names, but RandomForestRegressor was fitted with feature names
  warnings.warn(

2024-06-28 02:14:56,594:WARNING:C:\Users\cesar_0qb0xal\Documents\GitHub\cars_ml_project\venv\Lib\site-packages\sklearn\base.py:493: UserWarning: X does not have valid feature names, but RandomForestRegressor was fitted with feature names
  warnings.warn(

2024-06-28 02:15:10,908:WARNING:C:\Users\cesar_0qb0xal\Documents\GitHub\cars_ml_project\venv\Lib\site-packages\sklearn\base.py:493: UserWarning: X does not have valid feature names, but RandomForestRegressor was fitted with feature names
  warnings.warn(

2024-06-28 02:17:10,195:WARNING:C:\Users\cesar_0qb0xal\Documents\GitHub\cars_ml_project\venv\Lib\site-packages\sklearn\base.py:493: UserWarning: X does not have valid feature names, but RandomForestRegressor was fitted with feature names
  warnings.warn(

2024-06-28 02:17:59,970:WARNING:C:\Users\cesar_0qb0xal\Documents\GitHub\cars_ml_project\venv\Lib\site-packages\sklearn\base.py:493: UserWarning: X does not have valid feature names, but RandomForestRegressor was fitted with feature names
  warnings.warn(

2024-06-28 02:18:01,511:WARNING:C:\Users\cesar_0qb0xal\Documents\GitHub\cars_ml_project\venv\Lib\site-packages\sklearn\base.py:493: UserWarning: X does not have valid feature names, but RandomForestRegressor was fitted with feature names
  warnings.warn(

2024-06-28 02:18:02,576:WARNING:C:\Users\cesar_0qb0xal\Documents\GitHub\cars_ml_project\venv\Lib\site-packages\sklearn\base.py:493: UserWarning: X does not have valid feature names, but RandomForestRegressor was fitted with feature names
  warnings.warn(

2024-06-28 02:18:05,010:WARNING:C:\Users\cesar_0qb0xal\Documents\GitHub\cars_ml_project\venv\Lib\site-packages\sklearn\base.py:493: UserWarning: X does not have valid feature names, but RandomForestRegressor was fitted with feature names
  warnings.warn(

2024-06-28 02:18:18,742:WARNING:C:\Users\cesar_0qb0xal\Documents\GitHub\cars_ml_project\venv\Lib\site-packages\sklearn\base.py:493: UserWarning: X does not have valid feature names, but RandomForestRegressor was fitted with feature names
  warnings.warn(

2024-06-28 02:18:41,641:WARNING:C:\Users\cesar_0qb0xal\Documents\GitHub\cars_ml_project\venv\Lib\site-packages\sklearn\base.py:493: UserWarning: X does not have valid feature names, but RandomForestRegressor was fitted with feature names
  warnings.warn(

2024-06-28 02:18:54,495:WARNING:C:\Users\cesar_0qb0xal\Documents\GitHub\cars_ml_project\venv\Lib\site-packages\sklearn\base.py:493: UserWarning: X does not have valid feature names, but RandomForestRegressor was fitted with feature names
  warnings.warn(

2024-06-28 02:19:12,340:WARNING:C:\Users\cesar_0qb0xal\Documents\GitHub\cars_ml_project\venv\Lib\site-packages\sklearn\base.py:493: UserWarning: X does not have valid feature names, but RandomForestRegressor was fitted with feature names
  warnings.warn(

2024-06-28 02:19:24,486:WARNING:C:\Users\cesar_0qb0xal\Documents\GitHub\cars_ml_project\venv\Lib\site-packages\sklearn\base.py:493: UserWarning: X does not have valid feature names, but RandomForestRegressor was fitted with feature names
  warnings.warn(

2024-06-28 02:19:40,755:WARNING:C:\Users\cesar_0qb0xal\Documents\GitHub\cars_ml_project\venv\Lib\site-packages\sklearn\base.py:493: UserWarning: X does not have valid feature names, but RandomForestRegressor was fitted with feature names
  warnings.warn(

2024-06-28 02:19:54,684:WARNING:C:\Users\cesar_0qb0xal\Documents\GitHub\cars_ml_project\venv\Lib\site-packages\sklearn\base.py:493: UserWarning: X does not have valid feature names, but RandomForestRegressor was fitted with feature names
  warnings.warn(

2024-06-28 02:19:54,824:WARNING:C:\Users\cesar_0qb0xal\Documents\GitHub\cars_ml_project\venv\Lib\site-packages\sklearn\base.py:493: UserWarning: X does not have valid feature names, but RandomForestRegressor was fitted with feature names
  warnings.warn(

2024-06-28 02:20:09,359:WARNING:C:\Users\cesar_0qb0xal\Documents\GitHub\cars_ml_project\venv\Lib\site-packages\sklearn\base.py:493: UserWarning: X does not have valid feature names, but RandomForestRegressor was fitted with feature names
  warnings.warn(

2024-06-28 02:20:21,410:WARNING:C:\Users\cesar_0qb0xal\Documents\GitHub\cars_ml_project\venv\Lib\site-packages\sklearn\base.py:493: UserWarning: X does not have valid feature names, but RandomForestRegressor was fitted with feature names
  warnings.warn(

2024-06-28 02:20:24,930:WARNING:C:\Users\cesar_0qb0xal\Documents\GitHub\cars_ml_project\venv\Lib\site-packages\sklearn\base.py:493: UserWarning: X does not have valid feature names, but RandomForestRegressor was fitted with feature names
  warnings.warn(

2024-06-28 02:20:35,869:WARNING:C:\Users\cesar_0qb0xal\Documents\GitHub\cars_ml_project\venv\Lib\site-packages\sklearn\base.py:493: UserWarning: X does not have valid feature names, but RandomForestRegressor was fitted with feature names
  warnings.warn(

2024-06-28 02:20:42,189:WARNING:C:\Users\cesar_0qb0xal\Documents\GitHub\cars_ml_project\venv\Lib\site-packages\sklearn\base.py:493: UserWarning: X does not have valid feature names, but RandomForestRegressor was fitted with feature names
  warnings.warn(

2024-06-28 02:20:44,097:WARNING:C:\Users\cesar_0qb0xal\Documents\GitHub\cars_ml_project\venv\Lib\site-packages\sklearn\base.py:493: UserWarning: X does not have valid feature names, but RandomForestRegressor was fitted with feature names
  warnings.warn(

2024-06-28 02:21:26,236:WARNING:C:\Users\cesar_0qb0xal\Documents\GitHub\cars_ml_project\venv\Lib\site-packages\sklearn\base.py:493: UserWarning: X does not have valid feature names, but RandomForestRegressor was fitted with feature names
  warnings.warn(

